<html>
<head>
<title>TestNG:  Test</title>
<link href="../testng.css" rel="stylesheet" type="text/css" />
<link href="../my-testng.css" rel="stylesheet" type="text/css" />

<style type="text/css">
.log { display: none;} 
.stack-trace { display: none;} 
</style>
<script type="text/javascript">
<!--
function flip(e) {
  current = e.style.display;
  if (current == 'block') {
    e.style.display = 'none';
    return 0;
  }
  else {
    e.style.display = 'block';
    return 1;
  }
}

function toggleBox(szDivId, elem, msg1, msg2)
{
  var res = -1;  if (document.getElementById) {
    res = flip(document.getElementById(szDivId));
  }
  else if (document.all) {
    // this is the way old msie versions work
    res = flip(document.all[szDivId]);
  }
  if(elem) {
    if(res == 0) elem.innerHTML = msg1; else elem.innerHTML = msg2;
  }

}

function toggleAllBoxes() {
  if (document.getElementsByTagName) {
    d = document.getElementsByTagName('div');
    for (i = 0; i < d.length; i++) {
      if (d[i].className == 'log') {
        flip(d[i]);
      }
    }
  }
}

// -->
</script>

</head>
<body>
<h2 align='center'>Test</h2><table border='1' align="center">
<tr>
<td>Tests passed/Failed/Skipped:</td><td>0/8/0</td>
</tr><tr>
<td>Started on:</td><td>Mon Oct 30 18:35:34 CST 2023</td>
</tr>
<tr><td>Total time:</td><td>6 seconds (6826 ms)</td>
</tr><tr>
<td>Included groups:</td><td></td>
</tr><tr>
<td>Excluded groups:</td><td></td>
</tr>
</table><p/>
<small><i>(Hover the method name to see the test class name)</i></small><p/>
<table width='100%' border='1' class='invocation-failed'>
<tr><td colspan='4' align='center'><b>FAILED TESTS</b></td></tr>
<tr><td><b>Test method</b></td>
<td><b>Attribute(s)</b></td>
<td width="30%"><b>Exception</b></td>
<td width="10%"><b>Time (seconds)</b></td>
<td><b>Instance</b></td>
</tr>
<tr>
<td title='runner.TestRunner.runScenario()'><b>runScenario</b><br>Test class: runner.TestRunner<br>Test method: Runs Cucumber Scenarios<br>Parameters: "Successful submission of info and message", "Contact page functionality for Jupiter Toys website"</td>
<td><div><pre>java.lang.NullPointerException: Cannot invoke &quot;StepDef.Hooks.getWebDriver()&quot; because &quot;this.hooks&quot; is null
	at StepDef.ContactPageStepDef.i_am_on_the_jupiter_toys_contact_page(ContactPageStepDef.java:30)
	at ?.I am on the Jupiter Toys contact page(file:///C:/Users/johnm/eclipse-workspace/Sample_Maven_TestNG/src/test/resources/features/contact.feature:8)
</pre></div><a href='#' onClick='toggleBox("stack-trace653969355", this, "Click to show all stack frames", "Click to hide stack frames")'>Click to show all stack frames</a>
<div class='stack-trace' id='stack-trace653969355'><pre>java.lang.NullPointerException: Cannot invoke &quot;StepDef.Hooks.getWebDriver()&quot; because &quot;this.hooks&quot; is null
	at StepDef.ContactPageStepDef.i_am_on_the_jupiter_toys_contact_page(ContactPageStepDef.java:30)
	at ?.I am on the Jupiter Toys contact page(file:///C:/Users/johnm/eclipse-workspace/Sample_Maven_TestNG/src/test/resources/features/contact.feature:8)
</pre></div></td>
<td>3</td>
<td>runner.TestRunner@35dab4eb</td></tr>
<tr>
<td title='runner.TestRunner.runScenario()'><b>runScenario</b><br>Test class: runner.TestRunner<br>Test method: Runs Cucumber Scenarios<br>Parameters: "Successfully added to cart and validate price", "Shop page and Cart functionality for Jupiter Toys website"</td>
<td><div><pre>java.lang.NullPointerException: Cannot invoke &quot;org.openqa.selenium.WebDriver.get(String)&quot; because &quot;this.driver&quot; is null
	at StepDef.ShopAndCartStepDef.i_am_on_the_jupiter_toys_shop_page(ShopAndCartStepDef.java:72)
	at ?.I am on the Jupiter Toys shop page(file:///C:/Users/johnm/eclipse-workspace/Sample_Maven_TestNG/src/test/resources/features/Shop.feature:8)
</pre></div><a href='#' onClick='toggleBox("stack-trace2112393725", this, "Click to show all stack frames", "Click to hide stack frames")'>Click to show all stack frames</a>
<div class='stack-trace' id='stack-trace2112393725'><pre>java.lang.NullPointerException: Cannot invoke &quot;org.openqa.selenium.WebDriver.get(String)&quot; because &quot;this.driver&quot; is null
	at StepDef.ShopAndCartStepDef.i_am_on_the_jupiter_toys_shop_page(ShopAndCartStepDef.java:72)
	at ?.I am on the Jupiter Toys shop page(file:///C:/Users/johnm/eclipse-workspace/Sample_Maven_TestNG/src/test/resources/features/Shop.feature:8)
</pre></div></td>
<td>3</td>
<td>runner.TestRunner@35dab4eb</td></tr>
<tr>
<td title='runner.TestRunner.runScenario()'><b>runScenario</b><br>Test class: runner.TestRunner<br>Test method: Runs Cucumber Scenarios<br>Parameters: "Successful submission of info and message", "Contact page functionality for Jupiter Toys website"</td>
<td><div><pre>java.lang.NullPointerException: Cannot invoke &quot;StepDef.Hooks.getWebDriver()&quot; because &quot;this.hooks&quot; is null
	at StepDef.ContactPageStepDef.i_am_on_the_jupiter_toys_contact_page(ContactPageStepDef.java:30)
	at ?.I am on the Jupiter Toys contact page(file:///C:/Users/johnm/eclipse-workspace/Sample_Maven_TestNG/src/test/resources/features/contact.feature:8)
</pre></div><a href='#' onClick='toggleBox("stack-trace555546197", this, "Click to show all stack frames", "Click to hide stack frames")'>Click to show all stack frames</a>
<div class='stack-trace' id='stack-trace555546197'><pre>java.lang.NullPointerException: Cannot invoke &quot;StepDef.Hooks.getWebDriver()&quot; because &quot;this.hooks&quot; is null
	at StepDef.ContactPageStepDef.i_am_on_the_jupiter_toys_contact_page(ContactPageStepDef.java:30)
	at ?.I am on the Jupiter Toys contact page(file:///C:/Users/johnm/eclipse-workspace/Sample_Maven_TestNG/src/test/resources/features/contact.feature:8)
</pre></div></td>
<td>3</td>
<td>runner.TestRunner@35dab4eb</td></tr>
<tr>
<td title='runner.TestRunner.runScenario()'><b>runScenario</b><br>Test class: runner.TestRunner<br>Test method: Runs Cucumber Scenarios<br>Parameters: "Unsuccessful submission of info and message", "Contact page functionality for Jupiter Toys website"</td>
<td><div><pre>java.lang.NullPointerException: Cannot invoke &quot;StepDef.Hooks.getWebDriver()&quot; because &quot;this.hooks&quot; is null
	at StepDef.ContactPageStepDef.i_am_on_the_jupiter_toys_contact_page(ContactPageStepDef.java:30)
	at ?.I am on the Jupiter Toys contact page(file:///C:/Users/johnm/eclipse-workspace/Sample_Maven_TestNG/src/test/resources/features/contact.feature:8)
</pre></div><a href='#' onClick='toggleBox("stack-trace262478684", this, "Click to show all stack frames", "Click to hide stack frames")'>Click to show all stack frames</a>
<div class='stack-trace' id='stack-trace262478684'><pre>java.lang.NullPointerException: Cannot invoke &quot;StepDef.Hooks.getWebDriver()&quot; because &quot;this.hooks&quot; is null
	at StepDef.ContactPageStepDef.i_am_on_the_jupiter_toys_contact_page(ContactPageStepDef.java:30)
	at ?.I am on the Jupiter Toys contact page(file:///C:/Users/johnm/eclipse-workspace/Sample_Maven_TestNG/src/test/resources/features/contact.feature:8)
</pre></div></td>
<td>3</td>
<td>runner.TestRunner@35dab4eb</td></tr>
<tr>
<td title='runner.TestRunner.runScenario()'><b>runScenario</b><br>Test class: runner.TestRunner<br>Test method: Runs Cucumber Scenarios<br>Parameters: "Successful submission of info and message", "Contact page functionality for Jupiter Toys website"</td>
<td><div><pre>java.lang.NullPointerException: Cannot invoke &quot;StepDef.Hooks.getWebDriver()&quot; because &quot;this.hooks&quot; is null
	at StepDef.ContactPageStepDef.i_am_on_the_jupiter_toys_contact_page(ContactPageStepDef.java:30)
	at ?.I am on the Jupiter Toys contact page(file:///C:/Users/johnm/eclipse-workspace/Sample_Maven_TestNG/src/test/resources/features/contact.feature:8)
</pre></div><a href='#' onClick='toggleBox("stack-trace1961829637", this, "Click to show all stack frames", "Click to hide stack frames")'>Click to show all stack frames</a>
<div class='stack-trace' id='stack-trace1961829637'><pre>java.lang.NullPointerException: Cannot invoke &quot;StepDef.Hooks.getWebDriver()&quot; because &quot;this.hooks&quot; is null
	at StepDef.ContactPageStepDef.i_am_on_the_jupiter_toys_contact_page(ContactPageStepDef.java:30)
	at ?.I am on the Jupiter Toys contact page(file:///C:/Users/johnm/eclipse-workspace/Sample_Maven_TestNG/src/test/resources/features/contact.feature:8)
</pre></div></td>
<td>3</td>
<td>runner.TestRunner@35dab4eb</td></tr>
<tr>
<td title='runner.TestRunner.runScenario()'><b>runScenario</b><br>Test class: runner.TestRunner<br>Test method: Runs Cucumber Scenarios<br>Parameters: "Successful submission of info and message", "Contact page functionality for Jupiter Toys website"</td>
<td><div><pre>java.lang.NullPointerException: Cannot invoke &quot;StepDef.Hooks.getWebDriver()&quot; because &quot;this.hooks&quot; is null
	at StepDef.ContactPageStepDef.i_am_on_the_jupiter_toys_contact_page(ContactPageStepDef.java:30)
	at ?.I am on the Jupiter Toys contact page(file:///C:/Users/johnm/eclipse-workspace/Sample_Maven_TestNG/src/test/resources/features/contact.feature:8)
</pre></div><a href='#' onClick='toggleBox("stack-trace995015524", this, "Click to show all stack frames", "Click to hide stack frames")'>Click to show all stack frames</a>
<div class='stack-trace' id='stack-trace995015524'><pre>java.lang.NullPointerException: Cannot invoke &quot;StepDef.Hooks.getWebDriver()&quot; because &quot;this.hooks&quot; is null
	at StepDef.ContactPageStepDef.i_am_on_the_jupiter_toys_contact_page(ContactPageStepDef.java:30)
	at ?.I am on the Jupiter Toys contact page(file:///C:/Users/johnm/eclipse-workspace/Sample_Maven_TestNG/src/test/resources/features/contact.feature:8)
</pre></div></td>
<td>3</td>
<td>runner.TestRunner@35dab4eb</td></tr>
<tr>
<td title='runner.TestRunner.runScenario()'><b>runScenario</b><br>Test class: runner.TestRunner<br>Test method: Runs Cucumber Scenarios<br>Parameters: "Unsuccessful submission of info and message", "Contact page functionality for Jupiter Toys website"</td>
<td><div><pre>java.lang.NullPointerException: Cannot invoke &quot;StepDef.Hooks.getWebDriver()&quot; because &quot;this.hooks&quot; is null
	at StepDef.ContactPageStepDef.i_am_on_the_jupiter_toys_contact_page(ContactPageStepDef.java:30)
	at ?.I am on the Jupiter Toys contact page(file:///C:/Users/johnm/eclipse-workspace/Sample_Maven_TestNG/src/test/resources/features/contact.feature:8)
</pre></div><a href='#' onClick='toggleBox("stack-trace1067632159", this, "Click to show all stack frames", "Click to hide stack frames")'>Click to show all stack frames</a>
<div class='stack-trace' id='stack-trace1067632159'><pre>java.lang.NullPointerException: Cannot invoke &quot;StepDef.Hooks.getWebDriver()&quot; because &quot;this.hooks&quot; is null
	at StepDef.ContactPageStepDef.i_am_on_the_jupiter_toys_contact_page(ContactPageStepDef.java:30)
	at ?.I am on the Jupiter Toys contact page(file:///C:/Users/johnm/eclipse-workspace/Sample_Maven_TestNG/src/test/resources/features/contact.feature:8)
</pre></div></td>
<td>3</td>
<td>runner.TestRunner@35dab4eb</td></tr>
<tr>
<td title='runner.TestRunner.runScenario()'><b>runScenario</b><br>Test class: runner.TestRunner<br>Test method: Runs Cucumber Scenarios<br>Parameters: "Successful submission of info and message", "Contact page functionality for Jupiter Toys website"</td>
<td><div><pre>java.lang.NullPointerException: Cannot invoke &quot;StepDef.Hooks.getWebDriver()&quot; because &quot;this.hooks&quot; is null
	at StepDef.ContactPageStepDef.i_am_on_the_jupiter_toys_contact_page(ContactPageStepDef.java:30)
	at ?.I am on the Jupiter Toys contact page(file:///C:/Users/johnm/eclipse-workspace/Sample_Maven_TestNG/src/test/resources/features/contact.feature:8)
</pre></div><a href='#' onClick='toggleBox("stack-trace1899083982", this, "Click to show all stack frames", "Click to hide stack frames")'>Click to show all stack frames</a>
<div class='stack-trace' id='stack-trace1899083982'><pre>java.lang.NullPointerException: Cannot invoke &quot;StepDef.Hooks.getWebDriver()&quot; because &quot;this.hooks&quot; is null
	at StepDef.ContactPageStepDef.i_am_on_the_jupiter_toys_contact_page(ContactPageStepDef.java:30)
	at ?.I am on the Jupiter Toys contact page(file:///C:/Users/johnm/eclipse-workspace/Sample_Maven_TestNG/src/test/resources/features/contact.feature:8)
</pre></div></td>
<td>2</td>
<td>runner.TestRunner@35dab4eb</td></tr>
</table><p>
</body>
</html>