-------------------------------------------------------------------------------
Test set: TestSuite
-------------------------------------------------------------------------------
Tests run: 8, Failures: 8, Errors: 0, Skipped: 0, Time elapsed: 7.194 s <<< FAILURE! -- in TestSuite
runner.TestRunner.runScenario["Successful submission of info and message", "Contact page functionality for Jupiter Toys website"](1) -- Time elapsed: 2.941 s <<< FAILURE!
java.lang.NullPointerException: Cannot invoke "StepDef.Hooks.getWebDriver()" because "this.hooks" is null
	at StepDef.ContactPageStepDef.i_am_on_the_jupiter_toys_contact_page(ContactPageStepDef.java:30)
	at ✽.I am on the Jupiter Toys contact page(file:///C:/Users/johnm/eclipse-workspace/Sample_Maven_TestNG/src/test/resources/features/contact.feature:8)

runner.TestRunner.runScenario["Successful submission of info and message", "Contact page functionality for Jupiter Toys website"](2) -- Time elapsed: 3.087 s <<< FAILURE!
java.lang.NullPointerException: Cannot invoke "StepDef.Hooks.getWebDriver()" because "this.hooks" is null
	at StepDef.ContactPageStepDef.i_am_on_the_jupiter_toys_contact_page(ContactPageStepDef.java:30)
	at ✽.I am on the Jupiter Toys contact page(file:///C:/Users/johnm/eclipse-workspace/Sample_Maven_TestNG/src/test/resources/features/contact.feature:8)

runner.TestRunner.runScenario["Successful submission of info and message", "Contact page functionality for Jupiter Toys website"](3) -- Time elapsed: 3.088 s <<< FAILURE!
java.lang.NullPointerException: Cannot invoke "StepDef.Hooks.getWebDriver()" because "this.hooks" is null
	at StepDef.ContactPageStepDef.i_am_on_the_jupiter_toys_contact_page(ContactPageStepDef.java:30)
	at ✽.I am on the Jupiter Toys contact page(file:///C:/Users/johnm/eclipse-workspace/Sample_Maven_TestNG/src/test/resources/features/contact.feature:8)

runner.TestRunner.runScenario["Successfully added to cart and validate price", "Shop page and Cart functionality for Jupiter Toys website"](4) -- Time elapsed: 3.121 s <<< FAILURE!
java.lang.NullPointerException: Cannot invoke "org.openqa.selenium.WebDriver.get(String)" because "this.driver" is null
	at StepDef.ShopAndCartStepDef.i_am_on_the_jupiter_toys_shop_page(ShopAndCartStepDef.java:72)
	at ✽.I am on the Jupiter Toys shop page(file:///C:/Users/johnm/eclipse-workspace/Sample_Maven_TestNG/src/test/resources/features/Shop.feature:8)

runner.TestRunner.runScenario["Unsuccessful submission of info and message", "Contact page functionality for Jupiter Toys website"](5) -- Time elapsed: 3.121 s <<< FAILURE!
java.lang.NullPointerException: Cannot invoke "StepDef.Hooks.getWebDriver()" because "this.hooks" is null
	at StepDef.ContactPageStepDef.i_am_on_the_jupiter_toys_contact_page(ContactPageStepDef.java:30)
	at ✽.I am on the Jupiter Toys contact page(file:///C:/Users/johnm/eclipse-workspace/Sample_Maven_TestNG/src/test/resources/features/contact.feature:8)

runner.TestRunner.runScenario["Successful submission of info and message", "Contact page functionality for Jupiter Toys website"](6) -- Time elapsed: 3.179 s <<< FAILURE!
java.lang.NullPointerException: Cannot invoke "StepDef.Hooks.getWebDriver()" because "this.hooks" is null
	at StepDef.ContactPageStepDef.i_am_on_the_jupiter_toys_contact_page(ContactPageStepDef.java:30)
	at ✽.I am on the Jupiter Toys contact page(file:///C:/Users/johnm/eclipse-workspace/Sample_Maven_TestNG/src/test/resources/features/contact.feature:8)

runner.TestRunner.runScenario["Unsuccessful submission of info and message", "Contact page functionality for Jupiter Toys website"](7) -- Time elapsed: 3.226 s <<< FAILURE!
java.lang.NullPointerException: Cannot invoke "StepDef.Hooks.getWebDriver()" because "this.hooks" is null
	at StepDef.ContactPageStepDef.i_am_on_the_jupiter_toys_contact_page(ContactPageStepDef.java:30)
	at ✽.I am on the Jupiter Toys contact page(file:///C:/Users/johnm/eclipse-workspace/Sample_Maven_TestNG/src/test/resources/features/contact.feature:8)

runner.TestRunner.runScenario["Successful submission of info and message", "Contact page functionality for Jupiter Toys website"](8) -- Time elapsed: 3.304 s <<< FAILURE!
java.lang.NullPointerException: Cannot invoke "StepDef.Hooks.getWebDriver()" because "this.hooks" is null
	at StepDef.ContactPageStepDef.i_am_on_the_jupiter_toys_contact_page(ContactPageStepDef.java:30)
	at ✽.I am on the Jupiter Toys contact page(file:///C:/Users/johnm/eclipse-workspace/Sample_Maven_TestNG/src/test/resources/features/contact.feature:8)

